─ Session info ──────────────────────────────────────────────────────────────────────────────────────
 setting  value                       
 version  R version 4.0.4 (2021-02-15)
 os       macOS Catalina 10.15.7      
 system   x86_64, darwin17.0          
 ui       RStudio                     
 language (EN)                        
 collate  en_US.UTF-8                 
 ctype    en_US.UTF-8                 
 tz       Europe/Warsaw               
 date     2021-12-16                  

─ Packages ──────────────────────────────────────────────────────────────────────────────────────────
 package     * version  date       lib source        
 boot          1.3-28   2021-05-03 [1] CRAN (R 4.0.2)
 cli           3.0.1    2021-07-17 [1] CRAN (R 4.0.2)
 clipr         0.7.1    2020-10-08 [1] CRAN (R 4.0.2)
 colorspace    2.0-2    2021-06-24 [1] CRAN (R 4.0.2)
 digest        0.6.28   2021-09-23 [1] CRAN (R 4.0.2)
 evaluate      0.14     2019-05-28 [1] CRAN (R 4.0.1)
 fastmap       1.1.0    2021-01-25 [1] CRAN (R 4.0.2)
 glue          1.4.2    2020-08-27 [1] CRAN (R 4.0.2)
 htmltools     0.5.2    2021-08-25 [1] CRAN (R 4.0.2)
 httr          1.4.2    2020-07-20 [1] CRAN (R 4.0.2)
 kableExtra  * 1.3.4    2021-02-20 [1] CRAN (R 4.0.2)
 knitr       * 1.36     2021-09-29 [1] CRAN (R 4.0.2)
 lattice       0.20-45  2021-09-22 [1] CRAN (R 4.0.2)
 lifecycle     1.0.1    2021-09-24 [1] CRAN (R 4.0.2)
 lme4        * 1.1-27.1 2021-06-22 [1] CRAN (R 4.0.2)
 magrittr      2.0.1    2020-11-17 [1] CRAN (R 4.0.2)
 MASS          7.3-54   2021-05-03 [1] CRAN (R 4.0.2)
 Matrix      * 1.3-4    2021-06-01 [1] CRAN (R 4.0.2)
 minqa         1.2.4    2014-10-09 [1] CRAN (R 4.0.2)
 munsell       0.5.0    2018-06-12 [1] CRAN (R 4.0.2)
 nlme          3.1-153  2021-09-07 [1] CRAN (R 4.0.2)
 nloptr        1.2.2.2  2020-07-02 [1] CRAN (R 4.0.2)
 R6            2.5.1    2021-08-19 [1] CRAN (R 4.0.2)
 Rcpp          1.0.7    2021-07-07 [1] CRAN (R 4.0.2)
 rlang         0.4.11   2021-04-30 [1] CRAN (R 4.0.2)
 rmarkdown     2.11     2021-09-14 [1] CRAN (R 4.0.2)
 rstudioapi    0.13     2020-11-12 [1] CRAN (R 4.0.2)
 rvest         1.0.2    2021-10-16 [1] CRAN (R 4.0.4)
 scales        1.1.1    2020-05-11 [1] CRAN (R 4.0.2)
 sessioninfo   1.1.1    2018-11-05 [1] CRAN (R 4.0.2)
 stringi       1.7.5    2021-10-04 [1] CRAN (R 4.0.2)
 stringr       1.4.0    2019-02-10 [1] CRAN (R 4.0.2)
 svglite       2.0.0    2021-02-20 [1] CRAN (R 4.0.2)
 systemfonts   1.0.2    2021-05-11 [1] CRAN (R 4.0.2)
 texreg      * 1.37.5   2020-06-18 [1] CRAN (R 4.0.2)
 viridisLite   0.4.0    2021-04-13 [1] CRAN (R 4.0.2)
 webshot       0.5.2    2019-11-22 [1] CRAN (R 4.0.2)
 withr         2.4.2    2021-04-18 [1] CRAN (R 4.0.2)
 xfun          0.26     2021-09-14 [1] CRAN (R 4.0.2)
 xml2          1.3.2    2020-04-23 [1] CRAN (R 4.0.2)

[1] /Library/Frameworks/R.framework/Versions/4.0/Resources/library